c:\c++\generiques_et_operateurs\generiques_et_operateurs\x64\debug\vc143.pdb
c:\c++\generiques_et_operateurs\generiques_et_operateurs\x64\debug\vc143.idb
c:\c++\generiques_et_operateurs\generiques_et_operateurs\x64\debug\liste.obj
c:\c++\generiques_et_operateurs\generiques_et_operateurs\x64\debug\main.obj
c:\c++\generiques_et_operateurs\generiques_et_operateurs\x64\debug\operateur.obj
c:\c++\module06\generiques_et_operateurs\x64\debug\vc143.pdb
c:\c++\module06\generiques_et_operateurs\x64\debug\vc143.idb
c:\c++\module06\generiques_et_operateurs\x64\debug\pile.obj
c:\c++\module06\generiques_et_operateurs\x64\debug\file.obj
c:\c++\module06\generiques_et_operateurs\x64\debug\main.obj
c:\c++\generiques_et_operateurs\x64\debug\generiques_et_operateurs.exe
c:\c++\generiques_et_operateurs\generiques_et_operateurs\x64\debug\generiques_et_operateurs.ilk
c:\c++\generiques_et_operateurs\x64\debug\generiques_et_operateurs.pdb
c:\c++\module06\generiques_et_operateurs\x64\debug\liste.obj
c:\c++\module06\generiques_et_operateurs\x64\debug\operateur.obj
c:\c++\module06\x64\debug\generiques_et_operateurs.pdb
c:\c++\module06\generiques_et_operateurs\x64\debug\generiqu.06f37601.tlog\cl.command.1.tlog
c:\c++\module06\generiques_et_operateurs\x64\debug\generiqu.06f37601.tlog\cl.read.1.tlog
c:\c++\module06\generiques_et_operateurs\x64\debug\generiqu.06f37601.tlog\cl.write.1.tlog
c:\c++\module06\generiques_et_operateurs\x64\debug\generiqu.06f37601.tlog\link-cvtres.read.1.tlog
c:\c++\module06\generiques_et_operateurs\x64\debug\generiqu.06f37601.tlog\link-cvtres.write.1.tlog
c:\c++\module06\generiques_et_operateurs\x64\debug\generiqu.06f37601.tlog\link-rc.read.1.tlog
c:\c++\module06\generiques_et_operateurs\x64\debug\generiqu.06f37601.tlog\link-rc.write.1.tlog
c:\c++\module06\generiques_et_operateurs\x64\debug\generiqu.06f37601.tlog\link.130944-cvtres.read.1.tlog
c:\c++\module06\generiques_et_operateurs\x64\debug\generiqu.06f37601.tlog\link.130944-cvtres.write.1.tlog
c:\c++\module06\generiques_et_operateurs\x64\debug\generiqu.06f37601.tlog\link.130944-rc.read.1.tlog
c:\c++\module06\generiques_et_operateurs\x64\debug\generiqu.06f37601.tlog\link.130944-rc.write.1.tlog
c:\c++\module06\generiques_et_operateurs\x64\debug\generiqu.06f37601.tlog\link.130944.read.1.tlog
c:\c++\module06\generiques_et_operateurs\x64\debug\generiqu.06f37601.tlog\link.130944.read.2.tlog
c:\c++\module06\generiques_et_operateurs\x64\debug\generiqu.06f37601.tlog\link.130944.write.1.tlog
c:\c++\module06\generiques_et_operateurs\x64\debug\generiqu.06f37601.tlog\link.command.1.tlog
c:\c++\module06\generiques_et_operateurs\x64\debug\generiqu.06f37601.tlog\link.read.1.tlog
c:\c++\module06\generiques_et_operateurs\x64\debug\generiqu.06f37601.tlog\link.read.2.tlog
c:\c++\module06\generiques_et_operateurs\x64\debug\generiqu.06f37601.tlog\link.read.3.tlog
c:\c++\module06\generiques_et_operateurs\x64\debug\generiqu.06f37601.tlog\link.write.1.tlog
